[backblue.gif]
[fade.gif]
[index.html]
[love.matemade.vn/images/logo.png]
[love.matemade.vn/images/bg-foot-confirm.png]
[love.matemade.vn/images/gift-final.gif]
[love.matemade.vn/images/GIF.gif]
[love.matemade.vn/Home/SenderConfirm44d2.html]
[love.matemade.vn/css/sender-confirm-common.css]
[love.matemade.vn/images/thiep1.1.png]
[love.matemade.vn/images/thiep1.2.png]
[love.matemade.vn/images/thiep1.3.png]
[love.matemade.vn/images/thiep2.png]
[love.matemade.vn/images/bg-head.png]
[love.matemade.vn/images/bg-footer.png]
[love.matemade.vn/css/review-gift.css]
[love.matemade.vn/images/bg-upload2.png]
[love.matemade.vn/css/review-gift-sender.css]
[love.matemade.vn/images/bg-final.png]
[love.matemade.vn/css/sender-final.css]
[love.matemade.vn/images/bg-head.png]
[love.matemade.vn/images/bg-upload2.png]
[love.matemade.vn/images/bg-head.png]
[love.matemade.vn/images/bg-upload2.png]
